{"C:\\Users\\garde\\OneDrive\\Desktop\\2025.1\\testes-automatizados\\class-schedule\\src\\controllers\\classroom\\create-clasroom-controller.ts": {"path":"C:\\Users\\garde\\OneDrive\\Desktop\\2025.1\\testes-automatizados\\class-schedule\\src\\controllers\\classroom\\create-clasroom-controller.ts","statementMap":{"0":{"start":{"line":2,"column":0},"end":{"line":2,"column":86}},"1":{"start":{"line":6,"column":0},"end":{"line":6,"column":76}},"2":{"start":{"line":16,"column":4},"end":{"line":16,"column":27}},"3":{"start":{"line":17,"column":4},"end":{"line":17,"column":47}},"4":{"start":{"line":21,"column":4},"end":{"line":44,"column":5}},"5":{"start":{"line":23,"column":8},"end":{"line":25,"column":null}},"6":{"start":{"line":28,"column":24},"end":{"line":28,"column":64}},"7":{"start":{"line":30,"column":6},"end":{"line":30,"column":45}},"8":{"start":{"line":32,"column":6},"end":{"line":37,"column":7}},"9":{"start":{"line":33,"column":8},"end":{"line":36,"column":11}},"10":{"start":{"line":39,"column":6},"end":{"line":39,"column":63}},"11":{"start":{"line":41,"column":6},"end":{"line":43,"column":9}},"12":{"start":{"line":8,"column":0},"end":{"line":8,"column":13}}},"fnMap":{"0":{"name":"(anonymous_0)","decl":{"start":{"line":12,"column":2},"end":{"line":12,"column":null}},"loc":{"start":{"line":14,"column":41},"end":{"line":18,"column":3}}},"1":{"name":"(anonymous_1)","decl":{"start":{"line":20,"column":9},"end":{"line":20,"column":14}},"loc":{"start":{"line":20,"column":49},"end":{"line":45,"column":3}}}},"branchMap":{"0":{"loc":{"start":{"line":32,"column":6},"end":{"line":37,"column":7}},"type":"if","locations":[{"start":{"line":32,"column":6},"end":{"line":37,"column":7}},{"start":{},"end":{}}]},"1":{"loc":{"start":{"line":42,"column":17},"end":{"line":42,"column":57}},"type":"binary-expr","locations":[{"start":{"line":42,"column":17},"end":{"line":42,"column":30}},{"start":{"line":42,"column":34},"end":{"line":42,"column":57}}]}},"s":{"0":1,"1":1,"2":7,"3":7,"4":7,"5":7,"6":5,"7":3,"8":4,"9":2,"10":2,"11":2,"12":1},"f":{"0":7,"1":7},"b":{"0":[2,2],"1":[2,1]}}
,"C:\\Users\\garde\\OneDrive\\Desktop\\2025.1\\testes-automatizados\\class-schedule\\src\\domain\\dtos\\classroom\\create-classroom-dto.ts": {"path":"C:\\Users\\garde\\OneDrive\\Desktop\\2025.1\\testes-automatizados\\class-schedule\\src\\domain\\dtos\\classroom\\create-classroom-dto.ts","statementMap":{"0":{"start":{"line":1,"column":0},"end":{"line":1,"column":43}},"1":{"start":{"line":3,"column":0},"end":{"line":3,"column":13}},"2":{"start":{"line":5,"column":2},"end":{"line":5,"column":null}},"3":{"start":{"line":8,"column":2},"end":{"line":8,"column":null}}},"fnMap":{},"branchMap":{},"s":{"0":1,"1":1,"2":1,"3":1},"f":{},"b":{}}
,"C:\\Users\\garde\\OneDrive\\Desktop\\2025.1\\testes-automatizados\\class-schedule\\src\\exceptions\\validation-exception.ts": {"path":"C:\\Users\\garde\\OneDrive\\Desktop\\2025.1\\testes-automatizados\\class-schedule\\src\\exceptions\\validation-exception.ts","statementMap":{"0":{"start":{"line":3,"column":4},"end":{"line":3,"column":19}},"1":{"start":{"line":2,"column":47},"end":{"line":2,"column":60}},"2":{"start":{"line":4,"column":4},"end":{"line":4,"column":38}},"3":{"start":{"line":1,"column":0},"end":{"line":1,"column":13}}},"fnMap":{"0":{"name":"(anonymous_0)","decl":{"start":{"line":2,"column":2},"end":{"line":2,"column":14}},"loc":{"start":{"line":2,"column":60},"end":{"line":5,"column":3}}}},"branchMap":{},"s":{"0":2,"1":2,"2":2,"3":1},"f":{"0":2},"b":{}}
}
