{"C:\\Users\\garde\\OneDrive\\Desktop\\2025.1\\testes-automatizados\\class-schedule\\src\\controllers\\classroom\\create-clasroom-controller.ts": {"path":"C:\\Users\\garde\\OneDrive\\Desktop\\2025.1\\testes-automatizados\\class-schedule\\src\\controllers\\classroom\\create-clasroom-controller.ts","statementMap":{"0":{"start":{"line":2,"column":0},"end":{"line":2,"column":86}},"1":{"start":{"line":6,"column":0},"end":{"line":6,"column":76}},"2":{"start":{"line":16,"column":4},"end":{"line":16,"column":27}},"3":{"start":{"line":17,"column":4},"end":{"line":17,"column":47}},"4":{"start":{"line":21,"column":4},"end":{"line":44,"column":5}},"5":{"start":{"line":23,"column":8},"end":{"line":25,"column":null}},"6":{"start":{"line":28,"column":24},"end":{"line":28,"column":64}},"7":{"start":{"line":30,"column":6},"end":{"line":30,"column":45}},"8":{"start":{"line":32,"column":6},"end":{"line":37,"column":7}},"9":{"start":{"line":33,"column":8},"end":{"line":36,"column":11}},"10":{"start":{"line":39,"column":6},"end":{"line":39,"column":63}},"11":{"start":{"line":41,"column":6},"end":{"line":43,"column":9}},"12":{"start":{"line":8,"column":0},"end":{"line":8,"column":13}}},"fnMap":{"0":{"name":"(anonymous_0)","decl":{"start":{"line":12,"column":2},"end":{"line":12,"column":null}},"loc":{"start":{"line":14,"column":41},"end":{"line":18,"column":3}}},"1":{"name":"(anonymous_1)","decl":{"start":{"line":20,"column":9},"end":{"line":20,"column":14}},"loc":{"start":{"line":20,"column":49},"end":{"line":45,"column":3}}}},"branchMap":{"0":{"loc":{"start":{"line":32,"column":6},"end":{"line":37,"column":7}},"type":"if","locations":[{"start":{"line":32,"column":6},"end":{"line":37,"column":7}},{"start":{},"end":{}}]},"1":{"loc":{"start":{"line":42,"column":17},"end":{"line":42,"column":57}},"type":"binary-expr","locations":[{"start":{"line":42,"column":17},"end":{"line":42,"column":30}},{"start":{"line":42,"column":34},"end":{"line":42,"column":57}}]}},"s":{"0":1,"1":1,"2":7,"3":7,"4":7,"5":7,"6":5,"7":3,"8":4,"9":2,"10":2,"11":2,"12":1},"f":{"0":7,"1":7},"b":{"0":[2,2],"1":[2,1]}}
,"C:\\Users\\garde\\OneDrive\\Desktop\\2025.1\\testes-automatizados\\class-schedule\\src\\controllers\\classroom\\delete-classroom-controller.ts": {"path":"C:\\Users\\garde\\OneDrive\\Desktop\\2025.1\\testes-automatizados\\class-schedule\\src\\controllers\\classroom\\delete-classroom-controller.ts","statementMap":{"0":{"start":{"line":3,"column":0},"end":{"line":3,"column":86}},"1":{"start":{"line":5,"column":0},"end":{"line":5,"column":73}},"2":{"start":{"line":6,"column":0},"end":{"line":6,"column":76}},"3":{"start":{"line":15,"column":4},"end":{"line":15,"column":27}},"4":{"start":{"line":16,"column":4},"end":{"line":16,"column":47}},"5":{"start":{"line":19,"column":4},"end":{"line":49,"column":5}},"6":{"start":{"line":21,"column":8},"end":{"line":23,"column":null}},"7":{"start":{"line":26,"column":34},"end":{"line":26,"column":46}},"8":{"start":{"line":28,"column":6},"end":{"line":28,"column":37}},"9":{"start":{"line":30,"column":6},"end":{"line":30,"column":35}},"10":{"start":{"line":32,"column":6},"end":{"line":37,"column":7}},"11":{"start":{"line":33,"column":8},"end":{"line":36,"column":11}},"12":{"start":{"line":39,"column":6},"end":{"line":43,"column":7}},"13":{"start":{"line":40,"column":8},"end":{"line":42,"column":11}},"14":{"start":{"line":45,"column":6},"end":{"line":45,"column":63}},"15":{"start":{"line":46,"column":6},"end":{"line":48,"column":9}},"16":{"start":{"line":8,"column":0},"end":{"line":8,"column":13}}},"fnMap":{"0":{"name":"(anonymous_0)","decl":{"start":{"line":11,"column":2},"end":{"line":11,"column":null}},"loc":{"start":{"line":13,"column":41},"end":{"line":17,"column":3}}},"1":{"name":"(anonymous_1)","decl":{"start":{"line":18,"column":9},"end":{"line":18,"column":14}},"loc":{"start":{"line":18,"column":49},"end":{"line":50,"column":3}}}},"branchMap":{"0":{"loc":{"start":{"line":32,"column":6},"end":{"line":37,"column":7}},"type":"if","locations":[{"start":{"line":32,"column":6},"end":{"line":37,"column":7}},{"start":{},"end":{}}]},"1":{"loc":{"start":{"line":39,"column":6},"end":{"line":43,"column":7}},"type":"if","locations":[{"start":{"line":39,"column":6},"end":{"line":43,"column":7}},{"start":{},"end":{}}]},"2":{"loc":{"start":{"line":47,"column":17},"end":{"line":47,"column":57}},"type":"binary-expr","locations":[{"start":{"line":47,"column":17},"end":{"line":47,"column":30}},{"start":{"line":47,"column":34},"end":{"line":47,"column":57}}]}},"s":{"0":1,"1":1,"2":1,"3":6,"4":6,"5":6,"6":6,"7":5,"8":5,"9":2,"10":4,"11":1,"12":3,"13":1,"14":2,"15":2,"16":1},"f":{"0":6,"1":6},"b":{"0":[1,3],"1":[1,2],"2":[2,1]}}
,"C:\\Users\\garde\\OneDrive\\Desktop\\2025.1\\testes-automatizados\\class-schedule\\src\\controllers\\classroom\\list-classrooms-controller.ts": {"path":"C:\\Users\\garde\\OneDrive\\Desktop\\2025.1\\testes-automatizados\\class-schedule\\src\\controllers\\classroom\\list-classrooms-controller.ts","statementMap":{"0":{"start":{"line":9,"column":4},"end":{"line":9,"column":27}},"1":{"start":{"line":13,"column":4},"end":{"line":26,"column":5}},"2":{"start":{"line":14,"column":25},"end":{"line":14,"column":53}},"3":{"start":{"line":15,"column":6},"end":{"line":19,"column":9}},"4":{"start":{"line":21,"column":6},"end":{"line":21,"column":65}},"5":{"start":{"line":22,"column":6},"end":{"line":25,"column":9}},"6":{"start":{"line":5,"column":0},"end":{"line":5,"column":13}}},"fnMap":{"0":{"name":"(anonymous_0)","decl":{"start":{"line":8,"column":2},"end":{"line":8,"column":14}},"loc":{"start":{"line":8,"column":49},"end":{"line":10,"column":3}}},"1":{"name":"(anonymous_1)","decl":{"start":{"line":12,"column":2},"end":{"line":12,"column":7}},"loc":{"start":{"line":12,"column":42},"end":{"line":27,"column":3}}}},"branchMap":{},"s":{"0":3,"1":3,"2":3,"3":2,"4":1,"5":1,"6":1},"f":{"0":3,"1":3},"b":{}}
,"C:\\Users\\garde\\OneDrive\\Desktop\\2025.1\\testes-automatizados\\class-schedule\\src\\controllers\\classroom\\update-classroom-controller.ts": {"path":"C:\\Users\\garde\\OneDrive\\Desktop\\2025.1\\testes-automatizados\\class-schedule\\src\\controllers\\classroom\\update-classroom-controller.ts","statementMap":{"0":{"start":{"line":3,"column":0},"end":{"line":3,"column":86}},"1":{"start":{"line":5,"column":0},"end":{"line":5,"column":76}},"2":{"start":{"line":18,"column":4},"end":{"line":18,"column":57}},"3":{"start":{"line":19,"column":4},"end":{"line":19,"column":47}},"4":{"start":{"line":23,"column":4},"end":{"line":48,"column":5}},"5":{"start":{"line":25,"column":8},"end":{"line":27,"column":null}},"6":{"start":{"line":30,"column":34},"end":{"line":30,"column":46}},"7":{"start":{"line":32,"column":30},"end":{"line":34,"column":null}},"8":{"start":{"line":36,"column":6},"end":{"line":36,"column":51}},"9":{"start":{"line":38,"column":6},"end":{"line":42,"column":11}},"10":{"start":{"line":39,"column":8},"end":{"line":42,"column":11}},"11":{"start":{"line":44,"column":6},"end":{"line":44,"column":63}},"12":{"start":{"line":45,"column":6},"end":{"line":47,"column":69}},"13":{"start":{"line":7,"column":0},"end":{"line":7,"column":13}}},"fnMap":{"0":{"name":"(anonymous_0)","decl":{"start":{"line":14,"column":2},"end":{"line":14,"column":null}},"loc":{"start":{"line":16,"column":41},"end":{"line":20,"column":3}}},"1":{"name":"(anonymous_1)","decl":{"start":{"line":22,"column":9},"end":{"line":22,"column":14}},"loc":{"start":{"line":22,"column":40},"end":{"line":49,"column":3}}}},"branchMap":{"0":{"loc":{"start":{"line":38,"column":6},"end":{"line":42,"column":11}},"type":"if","locations":[{"start":{"line":38,"column":6},"end":{"line":42,"column":11}},{"start":{},"end":{}}]},"1":{"loc":{"start":{"line":47,"column":25},"end":{"line":47,"column":65}},"type":"binary-expr","locations":[{"start":{"line":47,"column":25},"end":{"line":47,"column":38}},{"start":{"line":47,"column":42},"end":{"line":47,"column":65}}]}},"s":{"0":1,"1":1,"2":7,"3":7,"4":7,"5":7,"6":5,"7":5,"8":3,"9":4,"10":2,"11":2,"12":2,"13":1},"f":{"0":7,"1":7},"b":{"0":[2,2],"1":[2,1]}}
,"C:\\Users\\garde\\OneDrive\\Desktop\\2025.1\\testes-automatizados\\class-schedule\\src\\controllers\\schedule\\create-schedule-controller.ts": {"path":"C:\\Users\\garde\\OneDrive\\Desktop\\2025.1\\testes-automatizados\\class-schedule\\src\\controllers\\schedule\\create-schedule-controller.ts","statementMap":{"0":{"start":{"line":5,"column":0},"end":{"line":5,"column":89}},"1":{"start":{"line":11,"column":4},"end":{"line":11,"column":27}},"2":{"start":{"line":15,"column":4},"end":{"line":46,"column":5}},"3":{"start":{"line":16,"column":38},"end":{"line":16,"column":46}},"4":{"start":{"line":17,"column":23},"end":{"line":17,"column":55}},"5":{"start":{"line":18,"column":6},"end":{"line":18,"column":44}},"6":{"start":{"line":20,"column":6},"end":{"line":27,"column":7}},"7":{"start":{"line":21,"column":8},"end":{"line":26,"column":11}},"8":{"start":{"line":29,"column":6},"end":{"line":38,"column":7}},"9":{"start":{"line":34,"column":8},"end":{"line":37,"column":11}},"10":{"start":{"line":41,"column":6},"end":{"line":41,"column":62}},"11":{"start":{"line":42,"column":6},"end":{"line":45,"column":9}},"12":{"start":{"line":7,"column":0},"end":{"line":7,"column":13}}},"fnMap":{"0":{"name":"(anonymous_0)","decl":{"start":{"line":10,"column":2},"end":{"line":10,"column":14}},"loc":{"start":{"line":10,"column":67},"end":{"line":12,"column":3}}},"1":{"name":"(anonymous_1)","decl":{"start":{"line":14,"column":9},"end":{"line":14,"column":14}},"loc":{"start":{"line":14,"column":49},"end":{"line":47,"column":3}}}},"branchMap":{"0":{"loc":{"start":{"line":20,"column":6},"end":{"line":27,"column":7}},"type":"if","locations":[{"start":{"line":20,"column":6},"end":{"line":27,"column":7}},{"start":{},"end":{}}]},"1":{"loc":{"start":{"line":29,"column":6},"end":{"line":38,"column":7}},"type":"if","locations":[{"start":{"line":29,"column":6},"end":{"line":38,"column":7}},{"start":{},"end":{}}]},"2":{"loc":{"start":{"line":30,"column":8},"end":{"line":32,"column":48}},"type":"binary-expr","locations":[{"start":{"line":30,"column":8},"end":{"line":30,"column":44}},{"start":{"line":31,"column":8},"end":{"line":31,"column":56}},{"start":{"line":32,"column":8},"end":{"line":32,"column":48}}]}},"s":{"0":1,"1":4,"2":4,"3":4,"4":4,"5":1,"6":3,"7":1,"8":2,"9":1,"10":1,"11":1,"12":1},"f":{"0":4,"1":4},"b":{"0":[1,2],"1":[1,1],"2":[2,2,1]}}
,"C:\\Users\\garde\\OneDrive\\Desktop\\2025.1\\testes-automatizados\\class-schedule\\src\\controllers\\teacher\\create-teacher-controller.ts": {"path":"C:\\Users\\garde\\OneDrive\\Desktop\\2025.1\\testes-automatizados\\class-schedule\\src\\controllers\\teacher\\create-teacher-controller.ts","statementMap":{"0":{"start":{"line":2,"column":0},"end":{"line":2,"column":80}},"1":{"start":{"line":6,"column":0},"end":{"line":6,"column":76}},"2":{"start":{"line":16,"column":4},"end":{"line":16,"column":27}},"3":{"start":{"line":17,"column":4},"end":{"line":17,"column":47}},"4":{"start":{"line":21,"column":4},"end":{"line":44,"column":5}},"5":{"start":{"line":23,"column":8},"end":{"line":25,"column":null}},"6":{"start":{"line":28,"column":22},"end":{"line":28,"column":62}},"7":{"start":{"line":30,"column":6},"end":{"line":30,"column":49}},"8":{"start":{"line":32,"column":6},"end":{"line":37,"column":7}},"9":{"start":{"line":33,"column":8},"end":{"line":36,"column":11}},"10":{"start":{"line":39,"column":6},"end":{"line":39,"column":63}},"11":{"start":{"line":41,"column":6},"end":{"line":43,"column":9}},"12":{"start":{"line":8,"column":0},"end":{"line":8,"column":13}}},"fnMap":{"0":{"name":"(anonymous_0)","decl":{"start":{"line":12,"column":2},"end":{"line":12,"column":null}},"loc":{"start":{"line":14,"column":41},"end":{"line":18,"column":3}}},"1":{"name":"(anonymous_1)","decl":{"start":{"line":20,"column":9},"end":{"line":20,"column":14}},"loc":{"start":{"line":20,"column":49},"end":{"line":45,"column":3}}}},"branchMap":{"0":{"loc":{"start":{"line":32,"column":6},"end":{"line":37,"column":7}},"type":"if","locations":[{"start":{"line":32,"column":6},"end":{"line":37,"column":7}},{"start":{},"end":{}}]},"1":{"loc":{"start":{"line":42,"column":17},"end":{"line":42,"column":57}},"type":"binary-expr","locations":[{"start":{"line":42,"column":17},"end":{"line":42,"column":30}},{"start":{"line":42,"column":34},"end":{"line":42,"column":57}}]}},"s":{"0":1,"1":1,"2":7,"3":7,"4":7,"5":7,"6":5,"7":3,"8":4,"9":2,"10":2,"11":2,"12":1},"f":{"0":7,"1":7},"b":{"0":[2,2],"1":[2,1]}}
,"C:\\Users\\garde\\OneDrive\\Desktop\\2025.1\\testes-automatizados\\class-schedule\\src\\controllers\\teacher\\delete-teacher-controller.ts": {"path":"C:\\Users\\garde\\OneDrive\\Desktop\\2025.1\\testes-automatizados\\class-schedule\\src\\controllers\\teacher\\delete-teacher-controller.ts","statementMap":{"0":{"start":{"line":3,"column":0},"end":{"line":3,"column":80}},"1":{"start":{"line":5,"column":0},"end":{"line":5,"column":73}},"2":{"start":{"line":6,"column":0},"end":{"line":6,"column":76}},"3":{"start":{"line":16,"column":4},"end":{"line":16,"column":27}},"4":{"start":{"line":17,"column":4},"end":{"line":17,"column":47}},"5":{"start":{"line":21,"column":4},"end":{"line":51,"column":5}},"6":{"start":{"line":23,"column":8},"end":{"line":25,"column":null}},"7":{"start":{"line":28,"column":32},"end":{"line":28,"column":44}},"8":{"start":{"line":30,"column":6},"end":{"line":30,"column":37}},"9":{"start":{"line":32,"column":6},"end":{"line":32,"column":35}},"10":{"start":{"line":34,"column":6},"end":{"line":39,"column":7}},"11":{"start":{"line":35,"column":8},"end":{"line":38,"column":11}},"12":{"start":{"line":41,"column":6},"end":{"line":45,"column":7}},"13":{"start":{"line":42,"column":8},"end":{"line":44,"column":11}},"14":{"start":{"line":47,"column":6},"end":{"line":47,"column":61}},"15":{"start":{"line":48,"column":6},"end":{"line":50,"column":9}},"16":{"start":{"line":8,"column":0},"end":{"line":8,"column":13}}},"fnMap":{"0":{"name":"(anonymous_0)","decl":{"start":{"line":12,"column":2},"end":{"line":12,"column":null}},"loc":{"start":{"line":14,"column":41},"end":{"line":18,"column":3}}},"1":{"name":"(anonymous_1)","decl":{"start":{"line":20,"column":9},"end":{"line":20,"column":14}},"loc":{"start":{"line":20,"column":49},"end":{"line":52,"column":3}}}},"branchMap":{"0":{"loc":{"start":{"line":34,"column":6},"end":{"line":39,"column":7}},"type":"if","locations":[{"start":{"line":34,"column":6},"end":{"line":39,"column":7}},{"start":{},"end":{}}]},"1":{"loc":{"start":{"line":41,"column":6},"end":{"line":45,"column":7}},"type":"if","locations":[{"start":{"line":41,"column":6},"end":{"line":45,"column":7}},{"start":{},"end":{}}]},"2":{"loc":{"start":{"line":49,"column":17},"end":{"line":49,"column":57}},"type":"binary-expr","locations":[{"start":{"line":49,"column":17},"end":{"line":49,"column":30}},{"start":{"line":49,"column":34},"end":{"line":49,"column":57}}]}},"s":{"0":1,"1":1,"2":1,"3":6,"4":6,"5":6,"6":6,"7":5,"8":5,"9":2,"10":4,"11":1,"12":3,"13":1,"14":2,"15":2,"16":1},"f":{"0":6,"1":6},"b":{"0":[1,3],"1":[1,2],"2":[2,1]}}
,"C:\\Users\\garde\\OneDrive\\Desktop\\2025.1\\testes-automatizados\\class-schedule\\src\\controllers\\teacher\\list-teachers-controller.ts": {"path":"C:\\Users\\garde\\OneDrive\\Desktop\\2025.1\\testes-automatizados\\class-schedule\\src\\controllers\\teacher\\list-teachers-controller.ts","statementMap":{"0":{"start":{"line":9,"column":4},"end":{"line":9,"column":27}},"1":{"start":{"line":13,"column":4},"end":{"line":26,"column":5}},"2":{"start":{"line":14,"column":23},"end":{"line":14,"column":51}},"3":{"start":{"line":15,"column":6},"end":{"line":19,"column":9}},"4":{"start":{"line":21,"column":6},"end":{"line":21,"column":62}},"5":{"start":{"line":22,"column":6},"end":{"line":25,"column":9}},"6":{"start":{"line":5,"column":0},"end":{"line":5,"column":13}}},"fnMap":{"0":{"name":"(anonymous_0)","decl":{"start":{"line":8,"column":2},"end":{"line":8,"column":14}},"loc":{"start":{"line":8,"column":47},"end":{"line":10,"column":3}}},"1":{"name":"(anonymous_1)","decl":{"start":{"line":12,"column":2},"end":{"line":12,"column":7}},"loc":{"start":{"line":12,"column":42},"end":{"line":27,"column":3}}}},"branchMap":{},"s":{"0":3,"1":3,"2":3,"3":2,"4":1,"5":1,"6":1},"f":{"0":3,"1":3},"b":{}}
,"C:\\Users\\garde\\OneDrive\\Desktop\\2025.1\\testes-automatizados\\class-schedule\\src\\domain\\dtos\\classroom\\create-classroom-dto.ts": {"path":"C:\\Users\\garde\\OneDrive\\Desktop\\2025.1\\testes-automatizados\\class-schedule\\src\\domain\\dtos\\classroom\\create-classroom-dto.ts","statementMap":{"0":{"start":{"line":1,"column":0},"end":{"line":1,"column":43}},"1":{"start":{"line":3,"column":0},"end":{"line":3,"column":13}},"2":{"start":{"line":5,"column":2},"end":{"line":5,"column":null}},"3":{"start":{"line":8,"column":2},"end":{"line":8,"column":null}}},"fnMap":{},"branchMap":{},"s":{"0":1,"1":1,"2":1,"3":1},"f":{},"b":{}}
,"C:\\Users\\garde\\OneDrive\\Desktop\\2025.1\\testes-automatizados\\class-schedule\\src\\domain\\dtos\\classroom\\delete-classroom-dto.ts": {"path":"C:\\Users\\garde\\OneDrive\\Desktop\\2025.1\\testes-automatizados\\class-schedule\\src\\domain\\dtos\\classroom\\delete-classroom-dto.ts","statementMap":{"0":{"start":{"line":1,"column":0},"end":{"line":1,"column":44}},"1":{"start":{"line":3,"column":0},"end":{"line":3,"column":13}},"2":{"start":{"line":5,"column":2},"end":{"line":5,"column":null}}},"fnMap":{},"branchMap":{},"s":{"0":1,"1":1,"2":1},"f":{},"b":{}}
,"C:\\Users\\garde\\OneDrive\\Desktop\\2025.1\\testes-automatizados\\class-schedule\\src\\domain\\dtos\\classroom\\update-classroom-dto.ts": {"path":"C:\\Users\\garde\\OneDrive\\Desktop\\2025.1\\testes-automatizados\\class-schedule\\src\\domain\\dtos\\classroom\\update-classroom-dto.ts","statementMap":{"0":{"start":{"line":1,"column":0},"end":{"line":1,"column":66}},"1":{"start":{"line":3,"column":0},"end":{"line":3,"column":13}},"2":{"start":{"line":6,"column":2},"end":{"line":6,"column":null}},"3":{"start":{"line":10,"column":2},"end":{"line":10,"column":null}},"4":{"start":{"line":13,"column":2},"end":{"line":13,"column":null}}},"fnMap":{},"branchMap":{},"s":{"0":1,"1":1,"2":1,"3":1,"4":1},"f":{},"b":{}}
,"C:\\Users\\garde\\OneDrive\\Desktop\\2025.1\\testes-automatizados\\class-schedule\\src\\domain\\dtos\\teacher\\create-teacher-dto.ts": {"path":"C:\\Users\\garde\\OneDrive\\Desktop\\2025.1\\testes-automatizados\\class-schedule\\src\\domain\\dtos\\teacher\\create-teacher-dto.ts","statementMap":{"0":{"start":{"line":1,"column":0},"end":{"line":1,"column":60}},"1":{"start":{"line":2,"column":0},"end":{"line":2,"column":57}},"2":{"start":{"line":4,"column":0},"end":{"line":4,"column":13}},"3":{"start":{"line":6,"column":2},"end":{"line":6,"column":null}},"4":{"start":{"line":9,"column":2},"end":{"line":9,"column":null}},"5":{"start":{"line":12,"column":2},"end":{"line":12,"column":null}}},"fnMap":{},"branchMap":{},"s":{"0":1,"1":1,"2":1,"3":1,"4":1,"5":1},"f":{},"b":{}}
,"C:\\Users\\garde\\OneDrive\\Desktop\\2025.1\\testes-automatizados\\class-schedule\\src\\domain\\dtos\\teacher\\delete-teacher-dto.ts": {"path":"C:\\Users\\garde\\OneDrive\\Desktop\\2025.1\\testes-automatizados\\class-schedule\\src\\domain\\dtos\\teacher\\delete-teacher-dto.ts","statementMap":{"0":{"start":{"line":1,"column":0},"end":{"line":1,"column":44}},"1":{"start":{"line":3,"column":0},"end":{"line":3,"column":13}},"2":{"start":{"line":5,"column":2},"end":{"line":5,"column":null}}},"fnMap":{},"branchMap":{},"s":{"0":1,"1":1,"2":1},"f":{},"b":{}}
,"C:\\Users\\garde\\OneDrive\\Desktop\\2025.1\\testes-automatizados\\class-schedule\\src\\domain\\entities\\Classroom.ts": {"path":"C:\\Users\\garde\\OneDrive\\Desktop\\2025.1\\testes-automatizados\\class-schedule\\src\\domain\\entities\\Classroom.ts","statementMap":{"0":{"start":{"line":6,"column":4},"end":{"line":6,"column":43}},"1":{"start":{"line":7,"column":4},"end":{"line":7,"column":29}},"2":{"start":{"line":1,"column":0},"end":{"line":1,"column":13}}},"fnMap":{"0":{"name":"(anonymous_0)","decl":{"start":{"line":5,"column":2},"end":{"line":5,"column":14}},"loc":{"start":{"line":5,"column":55},"end":{"line":8,"column":3}}}},"branchMap":{},"s":{"0":14,"1":14,"2":5},"f":{"0":14},"b":{}}
,"C:\\Users\\garde\\OneDrive\\Desktop\\2025.1\\testes-automatizados\\class-schedule\\src\\domain\\entities\\Schedule.ts": {"path":"C:\\Users\\garde\\OneDrive\\Desktop\\2025.1\\testes-automatizados\\class-schedule\\src\\domain\\entities\\Schedule.ts","statementMap":{"0":{"start":{"line":4,"column":0},"end":{"line":4,"column":54}},"1":{"start":{"line":37,"column":4},"end":{"line":37,"column":27}},"2":{"start":{"line":38,"column":4},"end":{"line":38,"column":31}},"3":{"start":{"line":39,"column":4},"end":{"line":39,"column":39}},"4":{"start":{"line":40,"column":4},"end":{"line":40,"column":64}},"5":{"start":{"line":41,"column":4},"end":{"line":41,"column":25}},"6":{"start":{"line":42,"column":4},"end":{"line":42,"column":27}},"7":{"start":{"line":43,"column":4},"end":{"line":43,"column":35}},"8":{"start":{"line":44,"column":4},"end":{"line":44,"column":35}},"9":{"start":{"line":45,"column":4},"end":{"line":45,"column":25}},"10":{"start":{"line":46,"column":4},"end":{"line":46,"column":35}},"11":{"start":{"line":47,"column":4},"end":{"line":47,"column":47}},"12":{"start":{"line":51,"column":18},"end":{"line":51,"column":34}},"13":{"start":{"line":52,"column":43},"end":{"line":60,"column":6}},"14":{"start":{"line":61,"column":4},"end":{"line":61,"column":22}},"15":{"start":{"line":7,"column":0},"end":{"line":7,"column":13}}},"fnMap":{"0":{"name":"(anonymous_0)","decl":{"start":{"line":24,"column":2},"end":{"line":24,"column":null}},"loc":{"start":{"line":35,"column":28},"end":{"line":48,"column":3}}},"1":{"name":"(anonymous_1)","decl":{"start":{"line":50,"column":10},"end":{"line":50,"column":16}},"loc":{"start":{"line":50,"column":46},"end":{"line":62,"column":3}}}},"branchMap":{},"s":{"0":2,"1":2,"2":2,"3":2,"4":2,"5":2,"6":2,"7":2,"8":2,"9":2,"10":2,"11":2,"12":2,"13":2,"14":2,"15":2},"f":{"0":2,"1":2},"b":{}}
,"C:\\Users\\garde\\OneDrive\\Desktop\\2025.1\\testes-automatizados\\class-schedule\\src\\domain\\entities\\Teacher.ts": {"path":"C:\\Users\\garde\\OneDrive\\Desktop\\2025.1\\testes-automatizados\\class-schedule\\src\\domain\\entities\\Teacher.ts","statementMap":{"0":{"start":{"line":7,"column":4},"end":{"line":7,"column":21}},"1":{"start":{"line":8,"column":4},"end":{"line":8,"column":23}},"2":{"start":{"line":9,"column":4},"end":{"line":9,"column":29}},"3":{"start":{"line":1,"column":0},"end":{"line":1,"column":13}}},"fnMap":{"0":{"name":"(anonymous_0)","decl":{"start":{"line":6,"column":2},"end":{"line":6,"column":14}},"loc":{"start":{"line":6,"column":61},"end":{"line":10,"column":3}}}},"branchMap":{},"s":{"0":14,"1":14,"2":14,"3":5},"f":{"0":14},"b":{}}
,"C:\\Users\\garde\\OneDrive\\Desktop\\2025.1\\testes-automatizados\\class-schedule\\src\\domain\\enums\\schedule-status-enum.ts": {"path":"C:\\Users\\garde\\OneDrive\\Desktop\\2025.1\\testes-automatizados\\class-schedule\\src\\domain\\enums\\schedule-status-enum.ts","statementMap":{"0":{"start":{"line":1,"column":0},"end":{"line":1,"column":null}},"1":{"start":{"line":2,"column":2},"end":{"line":2,"column":null}},"2":{"start":{"line":3,"column":2},"end":{"line":3,"column":null}},"3":{"start":{"line":4,"column":2},"end":{"line":4,"column":null}},"4":{"start":{"line":5,"column":2},"end":{"line":5,"column":null}}},"fnMap":{"0":{"name":"(anonymous_0)","decl":{"start":{"line":1,"column":0},"end":{"line":1,"column":12}},"loc":{"start":{"line":1,"column":26},"end":{"line":6,"column":1}}}},"branchMap":{"0":{"loc":{"start":{"line":1,"column":12},"end":{"line":1,"column":null}},"type":"binary-expr","locations":[{"start":{"line":1,"column":12},"end":{"line":1,"column":26}},{"start":{"line":1,"column":26},"end":{"line":1,"column":null}}]}},"s":{"0":2,"1":2,"2":2,"3":2,"4":2},"f":{"0":2},"b":{"0":[2,2]}}
,"C:\\Users\\garde\\OneDrive\\Desktop\\2025.1\\testes-automatizados\\class-schedule\\src\\domain\\enums\\subjetcs-enum.ts": {"path":"C:\\Users\\garde\\OneDrive\\Desktop\\2025.1\\testes-automatizados\\class-schedule\\src\\domain\\enums\\subjetcs-enum.ts","statementMap":{"0":{"start":{"line":1,"column":0},"end":{"line":1,"column":null}},"1":{"start":{"line":2,"column":2},"end":{"line":2,"column":null}},"2":{"start":{"line":3,"column":2},"end":{"line":3,"column":null}},"3":{"start":{"line":4,"column":2},"end":{"line":4,"column":null}},"4":{"start":{"line":5,"column":2},"end":{"line":5,"column":null}},"5":{"start":{"line":6,"column":2},"end":{"line":6,"column":null}},"6":{"start":{"line":7,"column":2},"end":{"line":7,"column":null}},"7":{"start":{"line":8,"column":2},"end":{"line":8,"column":null}},"8":{"start":{"line":9,"column":2},"end":{"line":9,"column":null}},"9":{"start":{"line":10,"column":2},"end":{"line":10,"column":null}},"10":{"start":{"line":11,"column":2},"end":{"line":11,"column":null}},"11":{"start":{"line":12,"column":2},"end":{"line":12,"column":null}},"12":{"start":{"line":13,"column":2},"end":{"line":13,"column":null}},"13":{"start":{"line":14,"column":2},"end":{"line":14,"column":null}},"14":{"start":{"line":15,"column":2},"end":{"line":15,"column":null}}},"fnMap":{"0":{"name":"(anonymous_0)","decl":{"start":{"line":1,"column":0},"end":{"line":1,"column":12}},"loc":{"start":{"line":1,"column":24},"end":{"line":16,"column":1}}}},"branchMap":{"0":{"loc":{"start":{"line":1,"column":12},"end":{"line":1,"column":null}},"type":"binary-expr","locations":[{"start":{"line":1,"column":12},"end":{"line":1,"column":24}},{"start":{"line":1,"column":24},"end":{"line":1,"column":null}}]}},"s":{"0":4,"1":4,"2":4,"3":4,"4":4,"5":4,"6":4,"7":4,"8":4,"9":4,"10":4,"11":4,"12":4,"13":4,"14":4},"f":{"0":4},"b":{"0":[4,4]}}
,"C:\\Users\\garde\\OneDrive\\Desktop\\2025.1\\testes-automatizados\\class-schedule\\src\\domain\\enums\\time-slot-period-enum.ts": {"path":"C:\\Users\\garde\\OneDrive\\Desktop\\2025.1\\testes-automatizados\\class-schedule\\src\\domain\\enums\\time-slot-period-enum.ts","statementMap":{"0":{"start":{"line":1,"column":0},"end":{"line":1,"column":null}},"1":{"start":{"line":2,"column":2},"end":{"line":2,"column":null}},"2":{"start":{"line":3,"column":2},"end":{"line":3,"column":null}},"3":{"start":{"line":4,"column":2},"end":{"line":4,"column":null}},"4":{"start":{"line":5,"column":2},"end":{"line":5,"column":null}},"5":{"start":{"line":6,"column":2},"end":{"line":6,"column":null}}},"fnMap":{"0":{"name":"(anonymous_0)","decl":{"start":{"line":1,"column":0},"end":{"line":1,"column":12}},"loc":{"start":{"line":1,"column":26},"end":{"line":7,"column":1}}}},"branchMap":{"0":{"loc":{"start":{"line":1,"column":12},"end":{"line":1,"column":null}},"type":"binary-expr","locations":[{"start":{"line":1,"column":12},"end":{"line":1,"column":26}},{"start":{"line":1,"column":26},"end":{"line":1,"column":null}}]}},"s":{"0":2,"1":2,"2":2,"3":2,"4":2,"5":2},"f":{"0":2},"b":{"0":[2,2]}}
,"C:\\Users\\garde\\OneDrive\\Desktop\\2025.1\\testes-automatizados\\class-schedule\\src\\domain\\usecases\\classroom\\create-clasroom-uc.ts": {"path":"C:\\Users\\garde\\OneDrive\\Desktop\\2025.1\\testes-automatizados\\class-schedule\\src\\domain\\usecases\\classroom\\create-clasroom-uc.ts","statementMap":{"0":{"start":{"line":4,"column":0},"end":{"line":4,"column":53}},"1":{"start":{"line":9,"column":31},"end":{"line":9,"column":73}},"2":{"start":{"line":12,"column":21},"end":{"line":14,"column":null}},"3":{"start":{"line":16,"column":4},"end":{"line":20,"column":5}},"4":{"start":{"line":17,"column":6},"end":{"line":19,"column":8}},"5":{"start":{"line":22,"column":22},"end":{"line":22,"column":72}},"6":{"start":{"line":24,"column":4},"end":{"line":24,"column":51}},"7":{"start":{"line":6,"column":0},"end":{"line":6,"column":13}}},"fnMap":{"0":{"name":"(anonymous_0)","decl":{"start":{"line":9,"column":2},"end":{"line":9,"column":31}},"loc":{"start":{"line":9,"column":73},"end":{"line":9,"column":77}}},"1":{"name":"(anonymous_1)","decl":{"start":{"line":11,"column":2},"end":{"line":11,"column":7}},"loc":{"start":{"line":11,"column":40},"end":{"line":25,"column":3}}}},"branchMap":{"0":{"loc":{"start":{"line":16,"column":4},"end":{"line":20,"column":5}},"type":"if","locations":[{"start":{"line":16,"column":4},"end":{"line":20,"column":5}},{"start":{},"end":{}}]}},"s":{"0":1,"1":3,"2":3,"3":3,"4":1,"5":2,"6":2,"7":1},"f":{"0":3,"1":3},"b":{"0":[1,2]}}
,"C:\\Users\\garde\\OneDrive\\Desktop\\2025.1\\testes-automatizados\\class-schedule\\src\\domain\\usecases\\classroom\\delete-classroom-uc.ts": {"path":"C:\\Users\\garde\\OneDrive\\Desktop\\2025.1\\testes-automatizados\\class-schedule\\src\\domain\\usecases\\classroom\\delete-classroom-uc.ts","statementMap":{"0":{"start":{"line":4,"column":0},"end":{"line":4,"column":76}},"1":{"start":{"line":10,"column":4},"end":{"line":10,"column":33}},"2":{"start":{"line":14,"column":22},"end":{"line":14,"column":56}},"3":{"start":{"line":16,"column":4},"end":{"line":18,"column":5}},"4":{"start":{"line":17,"column":6},"end":{"line":17,"column":51}},"5":{"start":{"line":20,"column":4},"end":{"line":20,"column":37}},"6":{"start":{"line":6,"column":0},"end":{"line":6,"column":13}}},"fnMap":{"0":{"name":"(anonymous_0)","decl":{"start":{"line":9,"column":2},"end":{"line":9,"column":14}},"loc":{"start":{"line":9,"column":56},"end":{"line":11,"column":3}}},"1":{"name":"(anonymous_1)","decl":{"start":{"line":13,"column":2},"end":{"line":13,"column":7}},"loc":{"start":{"line":13,"column":26},"end":{"line":21,"column":3}}}},"branchMap":{"0":{"loc":{"start":{"line":16,"column":4},"end":{"line":18,"column":5}},"type":"if","locations":[{"start":{"line":16,"column":4},"end":{"line":18,"column":5}},{"start":{},"end":{}}]}},"s":{"0":1,"1":3,"2":3,"3":3,"4":1,"5":2,"6":1},"f":{"0":3,"1":3},"b":{"0":[1,2]}}
,"C:\\Users\\garde\\OneDrive\\Desktop\\2025.1\\testes-automatizados\\class-schedule\\src\\domain\\usecases\\classroom\\list-classrooms-us.ts": {"path":"C:\\Users\\garde\\OneDrive\\Desktop\\2025.1\\testes-automatizados\\class-schedule\\src\\domain\\usecases\\classroom\\list-classrooms-us.ts","statementMap":{"0":{"start":{"line":9,"column":4},"end":{"line":9,"column":33}},"1":{"start":{"line":12,"column":4},"end":{"line":12,"column":40}},"2":{"start":{"line":5,"column":0},"end":{"line":5,"column":13}}},"fnMap":{"0":{"name":"(anonymous_0)","decl":{"start":{"line":8,"column":2},"end":{"line":8,"column":14}},"loc":{"start":{"line":8,"column":56},"end":{"line":10,"column":3}}},"1":{"name":"(anonymous_1)","decl":{"start":{"line":11,"column":2},"end":{"line":11,"column":7}},"loc":{"start":{"line":11,"column":15},"end":{"line":13,"column":3}}}},"branchMap":{},"s":{"0":2,"1":2,"2":1},"f":{"0":2,"1":2},"b":{}}
,"C:\\Users\\garde\\OneDrive\\Desktop\\2025.1\\testes-automatizados\\class-schedule\\src\\domain\\usecases\\classroom\\update-classroom-uc.ts": {"path":"C:\\Users\\garde\\OneDrive\\Desktop\\2025.1\\testes-automatizados\\class-schedule\\src\\domain\\usecases\\classroom\\update-classroom-uc.ts","statementMap":{"0":{"start":{"line":4,"column":0},"end":{"line":4,"column":76}},"1":{"start":{"line":13,"column":4},"end":{"line":13,"column":33}},"2":{"start":{"line":17,"column":22},"end":{"line":17,"column":56}},"3":{"start":{"line":19,"column":4},"end":{"line":21,"column":5}},"4":{"start":{"line":20,"column":6},"end":{"line":20,"column":51}},"5":{"start":{"line":23,"column":29},"end":{"line":23,"column":67}},"6":{"start":{"line":24,"column":4},"end":{"line":24,"column":28}},"7":{"start":{"line":7,"column":0},"end":{"line":7,"column":13}}},"fnMap":{"0":{"name":"(anonymous_0)","decl":{"start":{"line":12,"column":2},"end":{"line":12,"column":14}},"loc":{"start":{"line":12,"column":56},"end":{"line":14,"column":3}}},"1":{"name":"(anonymous_1)","decl":{"start":{"line":16,"column":2},"end":{"line":16,"column":7}},"loc":{"start":{"line":16,"column":52},"end":{"line":25,"column":3}}}},"branchMap":{"0":{"loc":{"start":{"line":19,"column":4},"end":{"line":21,"column":5}},"type":"if","locations":[{"start":{"line":19,"column":4},"end":{"line":21,"column":5}},{"start":{},"end":{}}]}},"s":{"0":1,"1":3,"2":3,"3":3,"4":1,"5":2,"6":1,"7":1},"f":{"0":3,"1":3},"b":{"0":[1,2]}}
,"C:\\Users\\garde\\OneDrive\\Desktop\\2025.1\\testes-automatizados\\class-schedule\\src\\domain\\usecases\\schedule\\create-schedule-uc.ts": {"path":"C:\\Users\\garde\\OneDrive\\Desktop\\2025.1\\testes-automatizados\\class-schedule\\src\\domain\\usecases\\schedule\\create-schedule-uc.ts","statementMap":{"0":{"start":{"line":1,"column":0},"end":{"line":1,"column":51}},"1":{"start":{"line":4,"column":0},"end":{"line":4,"column":66}},"2":{"start":{"line":23,"column":4},"end":{"line":23,"column":49}},"3":{"start":{"line":24,"column":4},"end":{"line":24,"column":47}},"4":{"start":{"line":25,"column":4},"end":{"line":25,"column":51}},"5":{"start":{"line":26,"column":4},"end":{"line":26,"column":55}},"6":{"start":{"line":31,"column":26},"end":{"line":31,"column":53}},"7":{"start":{"line":34,"column":4},"end":{"line":36,"column":5}},"8":{"start":{"line":35,"column":6},"end":{"line":35,"column":58}},"9":{"start":{"line":40,"column":20},"end":{"line":40,"column":72}},"10":{"start":{"line":41,"column":4},"end":{"line":43,"column":5}},"11":{"start":{"line":42,"column":6},"end":{"line":42,"column":43}},"12":{"start":{"line":46,"column":22},"end":{"line":46,"column":78}},"13":{"start":{"line":47,"column":4},"end":{"line":49,"column":5}},"14":{"start":{"line":48,"column":6},"end":{"line":48,"column":45}},"15":{"start":{"line":51,"column":4},"end":{"line":53,"column":5}},"16":{"start":{"line":52,"column":6},"end":{"line":52,"column":62}},"17":{"start":{"line":56,"column":4},"end":{"line":60,"column":5}},"18":{"start":{"line":57,"column":6},"end":{"line":59,"column":8}},"19":{"start":{"line":63,"column":4},"end":{"line":65,"column":5}},"20":{"start":{"line":64,"column":6},"end":{"line":64,"column":74}},"21":{"start":{"line":68,"column":4},"end":{"line":68,"column":57}},"22":{"start":{"line":70,"column":21},"end":{"line":80,"column":null}},"23":{"start":{"line":83,"column":4},"end":{"line":83,"column":58}},"24":{"start":{"line":10,"column":0},"end":{"line":10,"column":13}}},"fnMap":{"0":{"name":"(anonymous_0)","decl":{"start":{"line":17,"column":2},"end":{"line":17,"column":null}},"loc":{"start":{"line":21,"column":49},"end":{"line":27,"column":3}}},"1":{"name":"(anonymous_1)","decl":{"start":{"line":29,"column":2},"end":{"line":29,"column":7}},"loc":{"start":{"line":29,"column":38},"end":{"line":84,"column":3}}}},"branchMap":{"0":{"loc":{"start":{"line":34,"column":4},"end":{"line":36,"column":5}},"type":"if","locations":[{"start":{"line":34,"column":4},"end":{"line":36,"column":5}},{"start":{},"end":{}}]},"1":{"loc":{"start":{"line":34,"column":8},"end":{"line":34,"column":68}},"type":"binary-expr","locations":[{"start":{"line":34,"column":8},"end":{"line":34,"column":29}},{"start":{"line":34,"column":33},"end":{"line":34,"column":68}}]},"2":{"loc":{"start":{"line":41,"column":4},"end":{"line":43,"column":5}},"type":"if","locations":[{"start":{"line":41,"column":4},"end":{"line":43,"column":5}},{"start":{},"end":{}}]},"3":{"loc":{"start":{"line":47,"column":4},"end":{"line":49,"column":5}},"type":"if","locations":[{"start":{"line":47,"column":4},"end":{"line":49,"column":5}},{"start":{},"end":{}}]},"4":{"loc":{"start":{"line":51,"column":4},"end":{"line":53,"column":5}},"type":"if","locations":[{"start":{"line":51,"column":4},"end":{"line":53,"column":5}},{"start":{},"end":{}}]},"5":{"loc":{"start":{"line":56,"column":4},"end":{"line":60,"column":5}},"type":"if","locations":[{"start":{"line":56,"column":4},"end":{"line":60,"column":5}},{"start":{},"end":{}}]},"6":{"loc":{"start":{"line":56,"column":8},"end":{"line":56,"column":45}},"type":"binary-expr","locations":[{"start":{"line":56,"column":8},"end":{"line":56,"column":23}},{"start":{"line":56,"column":27},"end":{"line":56,"column":45}}]},"7":{"loc":{"start":{"line":63,"column":4},"end":{"line":65,"column":5}},"type":"if","locations":[{"start":{"line":63,"column":4},"end":{"line":65,"column":5}},{"start":{},"end":{}}]},"8":{"loc":{"start":{"line":63,"column":8},"end":{"line":63,"column":63}},"type":"binary-expr","locations":[{"start":{"line":63,"column":8},"end":{"line":63,"column":25}},{"start":{"line":63,"column":29},"end":{"line":63,"column":63}}]}},"s":{"0":1,"1":1,"2":7,"3":7,"4":7,"5":7,"6":7,"7":7,"8":1,"9":7,"10":7,"11":1,"12":6,"13":6,"14":1,"15":5,"16":1,"17":4,"18":1,"19":3,"20":1,"21":2,"22":1,"23":1,"24":1},"f":{"0":7,"1":7},"b":{"0":[1,6],"1":[7,1],"2":[1,6],"3":[1,5],"4":[1,4],"5":[1,3],"6":[4,2],"7":[1,2],"8":[3,1]}}
,"C:\\Users\\garde\\OneDrive\\Desktop\\2025.1\\testes-automatizados\\class-schedule\\src\\domain\\usecases\\teacher\\create-teacher-uc.ts": {"path":"C:\\Users\\garde\\OneDrive\\Desktop\\2025.1\\testes-automatizados\\class-schedule\\src\\domain\\usecases\\teacher\\create-teacher-uc.ts","statementMap":{"0":{"start":{"line":4,"column":0},"end":{"line":4,"column":49}},"1":{"start":{"line":12,"column":4},"end":{"line":12,"column":33}},"2":{"start":{"line":16,"column":20},"end":{"line":19,"column":null}},"3":{"start":{"line":21,"column":4},"end":{"line":21,"column":49}},"4":{"start":{"line":6,"column":0},"end":{"line":6,"column":13}}},"fnMap":{"0":{"name":"(anonymous_0)","decl":{"start":{"line":11,"column":2},"end":{"line":11,"column":14}},"loc":{"start":{"line":11,"column":54},"end":{"line":13,"column":3}}},"1":{"name":"(anonymous_1)","decl":{"start":{"line":15,"column":2},"end":{"line":15,"column":7}},"loc":{"start":{"line":15,"column":46},"end":{"line":22,"column":3}}}},"branchMap":{},"s":{"0":1,"1":3,"2":2,"3":2,"4":1},"f":{"0":3,"1":2},"b":{}}
,"C:\\Users\\garde\\OneDrive\\Desktop\\2025.1\\testes-automatizados\\class-schedule\\src\\domain\\usecases\\teacher\\delete-teacher-uc.ts": {"path":"C:\\Users\\garde\\OneDrive\\Desktop\\2025.1\\testes-automatizados\\class-schedule\\src\\domain\\usecases\\teacher\\delete-teacher-uc.ts","statementMap":{"0":{"start":{"line":3,"column":0},"end":{"line":3,"column":76}},"1":{"start":{"line":10,"column":4},"end":{"line":10,"column":33}},"2":{"start":{"line":14,"column":20},"end":{"line":14,"column":54}},"3":{"start":{"line":16,"column":4},"end":{"line":18,"column":5}},"4":{"start":{"line":17,"column":6},"end":{"line":17,"column":49}},"5":{"start":{"line":19,"column":4},"end":{"line":19,"column":37}},"6":{"start":{"line":6,"column":0},"end":{"line":6,"column":13}}},"fnMap":{"0":{"name":"(anonymous_0)","decl":{"start":{"line":9,"column":2},"end":{"line":9,"column":14}},"loc":{"start":{"line":9,"column":54},"end":{"line":11,"column":3}}},"1":{"name":"(anonymous_1)","decl":{"start":{"line":13,"column":2},"end":{"line":13,"column":7}},"loc":{"start":{"line":13,"column":26},"end":{"line":20,"column":3}}}},"branchMap":{"0":{"loc":{"start":{"line":16,"column":4},"end":{"line":18,"column":5}},"type":"if","locations":[{"start":{"line":16,"column":4},"end":{"line":18,"column":5}},{"start":{},"end":{}}]}},"s":{"0":1,"1":3,"2":3,"3":3,"4":1,"5":2,"6":1},"f":{"0":3,"1":3},"b":{"0":[1,2]}}
,"C:\\Users\\garde\\OneDrive\\Desktop\\2025.1\\testes-automatizados\\class-schedule\\src\\domain\\usecases\\teacher\\list-teachers-uc.ts": {"path":"C:\\Users\\garde\\OneDrive\\Desktop\\2025.1\\testes-automatizados\\class-schedule\\src\\domain\\usecases\\teacher\\list-teachers-uc.ts","statementMap":{"0":{"start":{"line":9,"column":4},"end":{"line":9,"column":33}},"1":{"start":{"line":13,"column":21},"end":{"line":13,"column":49}},"2":{"start":{"line":14,"column":4},"end":{"line":14,"column":26}},"3":{"start":{"line":5,"column":0},"end":{"line":5,"column":13}}},"fnMap":{"0":{"name":"(anonymous_0)","decl":{"start":{"line":8,"column":2},"end":{"line":8,"column":14}},"loc":{"start":{"line":8,"column":54},"end":{"line":10,"column":3}}},"1":{"name":"(anonymous_1)","decl":{"start":{"line":12,"column":2},"end":{"line":12,"column":7}},"loc":{"start":{"line":12,"column":15},"end":{"line":15,"column":3}}}},"branchMap":{"0":{"loc":{"start":{"line":14,"column":11},"end":{"line":14,"column":25}},"type":"binary-expr","locations":[{"start":{"line":14,"column":11},"end":{"line":14,"column":19}},{"start":{"line":14,"column":23},"end":{"line":14,"column":25}}]}},"s":{"0":3,"1":3,"2":2,"3":1},"f":{"0":3,"1":3},"b":{"0":[2,1]}}
,"C:\\Users\\garde\\OneDrive\\Desktop\\2025.1\\testes-automatizados\\class-schedule\\src\\exceptions\\not-found-exception.ts": {"path":"C:\\Users\\garde\\OneDrive\\Desktop\\2025.1\\testes-automatizados\\class-schedule\\src\\exceptions\\not-found-exception.ts","statementMap":{"0":{"start":{"line":3,"column":4},"end":{"line":3,"column":53}},"1":{"start":{"line":4,"column":4},"end":{"line":4,"column":36}},"2":{"start":{"line":1,"column":0},"end":{"line":1,"column":13}}},"fnMap":{"0":{"name":"(anonymous_0)","decl":{"start":{"line":2,"column":2},"end":{"line":2,"column":14}},"loc":{"start":{"line":2,"column":40},"end":{"line":5,"column":3}}}},"branchMap":{},"s":{"0":5,"1":5,"2":5},"f":{"0":5},"b":{}}
,"C:\\Users\\garde\\OneDrive\\Desktop\\2025.1\\testes-automatizados\\class-schedule\\src\\exceptions\\schedule-conflict-exception.ts": {"path":"C:\\Users\\garde\\OneDrive\\Desktop\\2025.1\\testes-automatizados\\class-schedule\\src\\exceptions\\schedule-conflict-exception.ts","statementMap":{"0":{"start":{"line":20,"column":4},"end":{"line":20,"column":19}},"1":{"start":{"line":21,"column":4},"end":{"line":21,"column":44}},"2":{"start":{"line":22,"column":4},"end":{"line":22,"column":21}},"3":{"start":{"line":23,"column":4},"end":{"line":23,"column":27}},"4":{"start":{"line":1,"column":0},"end":{"line":1,"column":13}}},"fnMap":{"0":{"name":"(anonymous_0)","decl":{"start":{"line":10,"column":2},"end":{"line":10,"column":null}},"loc":{"start":{"line":18,"column":5},"end":{"line":24,"column":3}}}},"branchMap":{},"s":{"0":1,"1":1,"2":1,"3":1,"4":1},"f":{"0":1},"b":{}}
,"C:\\Users\\garde\\OneDrive\\Desktop\\2025.1\\testes-automatizados\\class-schedule\\src\\exceptions\\validation-exception.ts": {"path":"C:\\Users\\garde\\OneDrive\\Desktop\\2025.1\\testes-automatizados\\class-schedule\\src\\exceptions\\validation-exception.ts","statementMap":{"0":{"start":{"line":3,"column":4},"end":{"line":3,"column":19}},"1":{"start":{"line":2,"column":47},"end":{"line":2,"column":60}},"2":{"start":{"line":4,"column":4},"end":{"line":4,"column":38}},"3":{"start":{"line":1,"column":0},"end":{"line":1,"column":13}}},"fnMap":{"0":{"name":"(anonymous_0)","decl":{"start":{"line":2,"column":2},"end":{"line":2,"column":14}},"loc":{"start":{"line":2,"column":60},"end":{"line":5,"column":3}}}},"branchMap":{},"s":{"0":8,"1":8,"2":8,"3":5},"f":{"0":8},"b":{}}
}
