TN:
SF:src\controllers\classroom\create-clasroom-controller.ts
FN:12,(anonymous_0)
FN:20,(anonymous_1)
FNF:2
FNH:2
FNDA:7,(anonymous_0)
FNDA:7,(anonymous_1)
DA:2,1
DA:6,1
DA:8,1
DA:16,7
DA:17,7
DA:21,7
DA:23,7
DA:28,5
DA:30,3
DA:32,4
DA:33,2
DA:39,2
DA:41,2
LF:13
LH:13
BRDA:32,0,0,2
BRDA:32,0,1,2
BRDA:42,1,0,2
BRDA:42,1,1,1
BRF:4
BRH:4
end_of_record
TN:
SF:src\domain\dtos\classroom\create-classroom-dto.ts
FNF:0
FNH:0
DA:1,1
DA:3,1
DA:5,1
DA:8,1
LF:4
LH:4
BRF:0
BRH:0
end_of_record
TN:
SF:src\exceptions\validation-exception.ts
FN:2,(anonymous_0)
FNF:1
FNH:1
FNDA:2,(anonymous_0)
DA:1,1
DA:2,2
DA:3,2
DA:4,2
LF:4
LH:4
BRF:0
BRH:0
end_of_record
