TN:
SF:src\controllers\classroom\create-clasroom-controller.ts
FN:12,(anonymous_0)
FN:20,(anonymous_1)
FNF:2
FNH:2
FNDA:7,(anonymous_0)
FNDA:7,(anonymous_1)
DA:2,1
DA:6,1
DA:8,1
DA:16,7
DA:17,7
DA:21,7
DA:23,7
DA:28,5
DA:30,3
DA:32,4
DA:33,2
DA:39,2
DA:41,2
LF:13
LH:13
BRDA:32,0,0,2
BRDA:32,0,1,2
BRDA:42,1,0,2
BRDA:42,1,1,1
BRF:4
BRH:4
end_of_record
TN:
SF:src\controllers\classroom\delete-classroom-controller.ts
FN:11,(anonymous_0)
FN:18,(anonymous_1)
FNF:2
FNH:2
FNDA:6,(anonymous_0)
FNDA:6,(anonymous_1)
DA:3,1
DA:5,1
DA:6,1
DA:8,1
DA:15,6
DA:16,6
DA:19,6
DA:21,6
DA:26,5
DA:28,5
DA:30,2
DA:32,4
DA:33,1
DA:39,3
DA:40,1
DA:45,2
DA:46,2
LF:17
LH:17
BRDA:32,0,0,1
BRDA:32,0,1,3
BRDA:39,1,0,1
BRDA:39,1,1,2
BRDA:47,2,0,2
BRDA:47,2,1,1
BRF:6
BRH:6
end_of_record
TN:
SF:src\controllers\classroom\list-classrooms-controller.ts
FN:8,(anonymous_0)
FN:12,(anonymous_1)
FNF:2
FNH:2
FNDA:3,(anonymous_0)
FNDA:3,(anonymous_1)
DA:5,1
DA:9,3
DA:13,3
DA:14,3
DA:15,2
DA:21,1
DA:22,1
LF:7
LH:7
BRF:0
BRH:0
end_of_record
TN:
SF:src\controllers\classroom\update-classroom-controller.ts
FN:14,(anonymous_0)
FN:22,(anonymous_1)
FNF:2
FNH:2
FNDA:7,(anonymous_0)
FNDA:7,(anonymous_1)
DA:3,1
DA:5,1
DA:7,1
DA:18,7
DA:19,7
DA:23,7
DA:25,7
DA:30,5
DA:32,5
DA:36,3
DA:38,4
DA:39,2
DA:44,2
DA:45,2
LF:14
LH:14
BRDA:38,0,0,2
BRDA:38,0,1,2
BRDA:47,1,0,2
BRDA:47,1,1,1
BRF:4
BRH:4
end_of_record
TN:
SF:src\controllers\schedule\create-schedule-controller.ts
FN:10,(anonymous_0)
FN:14,(anonymous_1)
FNF:2
FNH:2
FNDA:4,(anonymous_0)
FNDA:4,(anonymous_1)
DA:5,1
DA:7,1
DA:11,4
DA:15,4
DA:16,4
DA:17,4
DA:18,1
DA:20,3
DA:21,1
DA:29,2
DA:34,1
DA:41,1
DA:42,1
LF:13
LH:13
BRDA:20,0,0,1
BRDA:20,0,1,2
BRDA:29,1,0,1
BRDA:29,1,1,1
BRDA:30,2,0,2
BRDA:30,2,1,2
BRDA:30,2,2,1
BRF:7
BRH:7
end_of_record
TN:
SF:src\controllers\teacher\create-teacher-controller.ts
FN:12,(anonymous_0)
FN:20,(anonymous_1)
FNF:2
FNH:2
FNDA:7,(anonymous_0)
FNDA:7,(anonymous_1)
DA:2,1
DA:6,1
DA:8,1
DA:16,7
DA:17,7
DA:21,7
DA:23,7
DA:28,5
DA:30,3
DA:32,4
DA:33,2
DA:39,2
DA:41,2
LF:13
LH:13
BRDA:32,0,0,2
BRDA:32,0,1,2
BRDA:42,1,0,2
BRDA:42,1,1,1
BRF:4
BRH:4
end_of_record
TN:
SF:src\controllers\teacher\delete-teacher-controller.ts
FN:12,(anonymous_0)
FN:20,(anonymous_1)
FNF:2
FNH:2
FNDA:6,(anonymous_0)
FNDA:6,(anonymous_1)
DA:3,1
DA:5,1
DA:6,1
DA:8,1
DA:16,6
DA:17,6
DA:21,6
DA:23,6
DA:28,5
DA:30,5
DA:32,2
DA:34,4
DA:35,1
DA:41,3
DA:42,1
DA:47,2
DA:48,2
LF:17
LH:17
BRDA:34,0,0,1
BRDA:34,0,1,3
BRDA:41,1,0,1
BRDA:41,1,1,2
BRDA:49,2,0,2
BRDA:49,2,1,1
BRF:6
BRH:6
end_of_record
TN:
SF:src\controllers\teacher\list-teachers-controller.ts
FN:8,(anonymous_0)
FN:12,(anonymous_1)
FNF:2
FNH:2
FNDA:3,(anonymous_0)
FNDA:3,(anonymous_1)
DA:5,1
DA:9,3
DA:13,3
DA:14,3
DA:15,2
DA:21,1
DA:22,1
LF:7
LH:7
BRF:0
BRH:0
end_of_record
TN:
SF:src\domain\dtos\classroom\create-classroom-dto.ts
FNF:0
FNH:0
DA:1,1
DA:3,1
DA:5,1
DA:8,1
LF:4
LH:4
BRF:0
BRH:0
end_of_record
TN:
SF:src\domain\dtos\classroom\delete-classroom-dto.ts
FNF:0
FNH:0
DA:1,1
DA:3,1
DA:5,1
LF:3
LH:3
BRF:0
BRH:0
end_of_record
TN:
SF:src\domain\dtos\classroom\update-classroom-dto.ts
FNF:0
FNH:0
DA:1,1
DA:3,1
DA:6,1
DA:10,1
DA:13,1
LF:5
LH:5
BRF:0
BRH:0
end_of_record
TN:
SF:src\domain\dtos\teacher\create-teacher-dto.ts
FNF:0
FNH:0
DA:1,1
DA:2,1
DA:4,1
DA:6,1
DA:9,1
DA:12,1
LF:6
LH:6
BRF:0
BRH:0
end_of_record
TN:
SF:src\domain\dtos\teacher\delete-teacher-dto.ts
FNF:0
FNH:0
DA:1,1
DA:3,1
DA:5,1
LF:3
LH:3
BRF:0
BRH:0
end_of_record
TN:
SF:src\domain\entities\Classroom.ts
FN:5,(anonymous_0)
FNF:1
FNH:1
FNDA:14,(anonymous_0)
DA:1,5
DA:6,14
DA:7,14
LF:3
LH:3
BRF:0
BRH:0
end_of_record
TN:
SF:src\domain\entities\Schedule.ts
FN:24,(anonymous_0)
FN:50,(anonymous_1)
FNF:2
FNH:2
FNDA:2,(anonymous_0)
FNDA:2,(anonymous_1)
DA:4,2
DA:7,2
DA:37,2
DA:38,2
DA:39,2
DA:40,2
DA:41,2
DA:42,2
DA:43,2
DA:44,2
DA:45,2
DA:46,2
DA:47,2
DA:51,2
DA:52,2
DA:61,2
LF:16
LH:16
BRF:0
BRH:0
end_of_record
TN:
SF:src\domain\entities\Teacher.ts
FN:6,(anonymous_0)
FNF:1
FNH:1
FNDA:14,(anonymous_0)
DA:1,5
DA:7,14
DA:8,14
DA:9,14
LF:4
LH:4
BRF:0
BRH:0
end_of_record
TN:
SF:src\domain\enums\schedule-status-enum.ts
FN:1,(anonymous_0)
FNF:1
FNH:1
FNDA:2,(anonymous_0)
DA:1,2
DA:2,2
DA:3,2
DA:4,2
DA:5,2
LF:5
LH:5
BRDA:1,0,0,2
BRDA:1,0,1,2
BRF:2
BRH:2
end_of_record
TN:
SF:src\domain\enums\subjetcs-enum.ts
FN:1,(anonymous_0)
FNF:1
FNH:1
FNDA:4,(anonymous_0)
DA:1,4
DA:2,4
DA:3,4
DA:4,4
DA:5,4
DA:6,4
DA:7,4
DA:8,4
DA:9,4
DA:10,4
DA:11,4
DA:12,4
DA:13,4
DA:14,4
DA:15,4
LF:15
LH:15
BRDA:1,0,0,4
BRDA:1,0,1,4
BRF:2
BRH:2
end_of_record
TN:
SF:src\domain\enums\time-slot-period-enum.ts
FN:1,(anonymous_0)
FNF:1
FNH:1
FNDA:2,(anonymous_0)
DA:1,2
DA:2,2
DA:3,2
DA:4,2
DA:5,2
DA:6,2
LF:6
LH:6
BRDA:1,0,0,2
BRDA:1,0,1,2
BRF:2
BRH:2
end_of_record
TN:
SF:src\domain\usecases\classroom\create-clasroom-uc.ts
FN:9,(anonymous_0)
FN:11,(anonymous_1)
FNF:2
FNH:2
FNDA:3,(anonymous_0)
FNDA:3,(anonymous_1)
DA:4,1
DA:6,1
DA:9,3
DA:12,3
DA:16,3
DA:17,1
DA:22,2
DA:24,2
LF:8
LH:8
BRDA:16,0,0,1
BRDA:16,0,1,2
BRF:2
BRH:2
end_of_record
TN:
SF:src\domain\usecases\classroom\delete-classroom-uc.ts
FN:9,(anonymous_0)
FN:13,(anonymous_1)
FNF:2
FNH:2
FNDA:3,(anonymous_0)
FNDA:3,(anonymous_1)
DA:4,1
DA:6,1
DA:10,3
DA:14,3
DA:16,3
DA:17,1
DA:20,2
LF:7
LH:7
BRDA:16,0,0,1
BRDA:16,0,1,2
BRF:2
BRH:2
end_of_record
TN:
SF:src\domain\usecases\classroom\list-classrooms-us.ts
FN:8,(anonymous_0)
FN:11,(anonymous_1)
FNF:2
FNH:2
FNDA:2,(anonymous_0)
FNDA:2,(anonymous_1)
DA:5,1
DA:9,2
DA:12,2
LF:3
LH:3
BRF:0
BRH:0
end_of_record
TN:
SF:src\domain\usecases\classroom\update-classroom-uc.ts
FN:12,(anonymous_0)
FN:16,(anonymous_1)
FNF:2
FNH:2
FNDA:3,(anonymous_0)
FNDA:3,(anonymous_1)
DA:4,1
DA:7,1
DA:13,3
DA:17,3
DA:19,3
DA:20,1
DA:23,2
DA:24,1
LF:8
LH:8
BRDA:19,0,0,1
BRDA:19,0,1,2
BRF:2
BRH:2
end_of_record
TN:
SF:src\domain\usecases\schedule\create-schedule-uc.ts
FN:17,(anonymous_0)
FN:29,(anonymous_1)
FNF:2
FNH:2
FNDA:7,(anonymous_0)
FNDA:7,(anonymous_1)
DA:1,1
DA:4,1
DA:10,1
DA:23,7
DA:24,7
DA:25,7
DA:26,7
DA:31,7
DA:34,7
DA:35,1
DA:40,7
DA:41,7
DA:42,1
DA:46,6
DA:47,6
DA:48,1
DA:51,5
DA:52,1
DA:56,4
DA:57,1
DA:63,3
DA:64,1
DA:68,2
DA:70,1
DA:83,1
LF:25
LH:25
BRDA:34,0,0,1
BRDA:34,0,1,6
BRDA:34,1,0,7
BRDA:34,1,1,1
BRDA:41,2,0,1
BRDA:41,2,1,6
BRDA:47,3,0,1
BRDA:47,3,1,5
BRDA:51,4,0,1
BRDA:51,4,1,4
BRDA:56,5,0,1
BRDA:56,5,1,3
BRDA:56,6,0,4
BRDA:56,6,1,2
BRDA:63,7,0,1
BRDA:63,7,1,2
BRDA:63,8,0,3
BRDA:63,8,1,1
BRF:18
BRH:18
end_of_record
TN:
SF:src\domain\usecases\teacher\create-teacher-uc.ts
FN:11,(anonymous_0)
FN:15,(anonymous_1)
FNF:2
FNH:2
FNDA:3,(anonymous_0)
FNDA:2,(anonymous_1)
DA:4,1
DA:6,1
DA:12,3
DA:16,2
DA:21,2
LF:5
LH:5
BRF:0
BRH:0
end_of_record
TN:
SF:src\domain\usecases\teacher\delete-teacher-uc.ts
FN:9,(anonymous_0)
FN:13,(anonymous_1)
FNF:2
FNH:2
FNDA:3,(anonymous_0)
FNDA:3,(anonymous_1)
DA:3,1
DA:6,1
DA:10,3
DA:14,3
DA:16,3
DA:17,1
DA:19,2
LF:7
LH:7
BRDA:16,0,0,1
BRDA:16,0,1,2
BRF:2
BRH:2
end_of_record
TN:
SF:src\domain\usecases\teacher\list-teachers-uc.ts
FN:8,(anonymous_0)
FN:12,(anonymous_1)
FNF:2
FNH:2
FNDA:3,(anonymous_0)
FNDA:3,(anonymous_1)
DA:5,1
DA:9,3
DA:13,3
DA:14,2
LF:4
LH:4
BRDA:14,0,0,2
BRDA:14,0,1,1
BRF:2
BRH:2
end_of_record
TN:
SF:src\exceptions\not-found-exception.ts
FN:2,(anonymous_0)
FNF:1
FNH:1
FNDA:5,(anonymous_0)
DA:1,5
DA:3,5
DA:4,5
LF:3
LH:3
BRF:0
BRH:0
end_of_record
TN:
SF:src\exceptions\schedule-conflict-exception.ts
FN:10,(anonymous_0)
FNF:1
FNH:1
FNDA:1,(anonymous_0)
DA:1,1
DA:20,1
DA:21,1
DA:22,1
DA:23,1
LF:5
LH:5
BRF:0
BRH:0
end_of_record
TN:
SF:src\exceptions\validation-exception.ts
FN:2,(anonymous_0)
FNF:1
FNH:1
FNDA:8,(anonymous_0)
DA:1,5
DA:2,8
DA:3,8
DA:4,8
LF:4
LH:4
BRF:0
BRH:0
end_of_record
